prediction for cna data: 
              precision    recall  f1-score   support

           0     0.8182    0.7714    0.7941        35
           1     0.6667    0.4444    0.5333        18
           2     0.6637    0.7895    0.7212        95
           3     0.4737    0.4286    0.4500        42
           4     0.0000    0.0000    0.0000         7

    accuracy                         0.6497       197
   macro avg     0.5244    0.4868    0.4997       197
weighted avg     0.6273    0.6497    0.6335       197

prediction for met data: 
              precision    recall  f1-score   support

           0     0.4416    0.9714    0.6071        35
           1     0.0000    0.0000    0.0000        18
           2     0.7125    0.6000    0.6514        95
           3     0.5250    0.5000    0.5122        42
           4     0.0000    0.0000    0.0000         7

    accuracy                         0.5685       197
   macro avg     0.3358    0.4143    0.3542       197
weighted avg     0.5340    0.5685    0.5312       197

prediction for mrna data: 
              precision    recall  f1-score   support

           0     1.0000    0.9429    0.9706        35
           1     0.8333    0.8333    0.8333        18
           2     0.9239    0.8947    0.9091        95
           3     0.7447    0.8333    0.7865        42
           4     0.7143    0.7143    0.7143         7

    accuracy                         0.8782       197
   macro avg     0.8432    0.8437    0.8428       197
weighted avg     0.8835    0.8782    0.8800       197

prediction for rppa data: 
              precision    recall  f1-score   support

           0     0.7500    0.8571    0.8000        35
           1     0.6875    0.6111    0.6471        18
           2     0.7843    0.8421    0.8122        95
           3     0.6579    0.5952    0.6250        42
           4     0.0000    0.0000    0.0000         7

    accuracy                         0.7411       197
   macro avg     0.5759    0.5811    0.5768       197
weighted avg     0.7146    0.7411    0.7262       197

prediction for all the omics data: 
              precision    recall  f1-score   support

           0     0.9429    0.9429    0.9429        35
           1     0.9231    0.6667    0.7742        18
           2     0.8148    0.9263    0.8670        95
           3     0.7647    0.6190    0.6842        42
           4     0.7143    0.7143    0.7143         7

    accuracy                         0.8325       197
   macro avg     0.8319    0.7738    0.7965       197
weighted avg     0.8332    0.8325    0.8276       197

selected omics are : ['cna', 'mrna', 'rppa']
prediction for selected omics data: 
              precision    recall  f1-score   support

           0     0.9167    0.9429    0.9296        35
           1     0.9333    0.7778    0.8485        18
           2     0.8235    0.8842    0.8528        95
           3     0.7436    0.6905    0.7160        42
           4     0.6000    0.4286    0.5000         7

    accuracy                         0.8274       197
   macro avg     0.8034    0.7448    0.7694       197
weighted avg     0.8251    0.8274    0.8244       197

Training time : 53.290355920791626 seconds
