prediction for cna data: 
              precision    recall  f1-score   support

           0     0.9310    0.8438    0.8852        32
           1     0.6471    0.3667    0.4681        30
           2     0.4727    0.8966    0.6190        29
           3     0.0000    0.0000    0.0000        11

    accuracy                         0.6275       102
   macro avg     0.5127    0.5267    0.4931       102
weighted avg     0.6168    0.6275    0.5914       102

prediction for met data: 
              precision    recall  f1-score   support

           0     0.8286    0.9062    0.8657        32
           1     0.8636    0.6333    0.7308        30
           2     0.6154    0.8276    0.7059        29
           3     0.3333    0.1818    0.2353        11

    accuracy                         0.7255       102
   macro avg     0.6602    0.6372    0.6344       102
weighted avg     0.7249    0.7255    0.7126       102

prediction for mrna data: 
              precision    recall  f1-score   support

           0     0.9394    0.9688    0.9538        32
           1     0.9259    0.8333    0.8772        30
           2     0.8438    0.9310    0.8852        29
           3     0.8000    0.7273    0.7619        11

    accuracy                         0.8922       102
   macro avg     0.8773    0.8651    0.8695       102
weighted avg     0.8932    0.8922    0.8911       102

prediction for rppa data: 
              precision    recall  f1-score   support

           0     0.8235    0.8750    0.8485        32
           1     0.6364    0.7000    0.6667        30
           2     0.6538    0.5862    0.6182        29
           3     0.4444    0.3636    0.4000        11

    accuracy                         0.6863       102
   macro avg     0.6395    0.6312    0.6333       102
weighted avg     0.6794    0.6863    0.6812       102

prediction for all the omics data: 
              precision    recall  f1-score   support

           0     0.9310    0.8438    0.8852        32
           1     0.3973    0.9667    0.5631        30
           2     0.0000    0.0000    0.0000        29
           3     0.0000    0.0000    0.0000        11

    accuracy                         0.5490       102
   macro avg     0.3321    0.4526    0.3621       102
weighted avg     0.4089    0.5490    0.4433       102

selected omics are : ['mrna', 'rppa']
prediction for selected omics data: 
              precision    recall  f1-score   support

           0     0.9286    0.8125    0.8667        32
           1     0.5833    0.9333    0.7179        30
           2     0.7308    0.6552    0.6909        29
           3     0.0000    0.0000    0.0000        11

    accuracy                         0.7157       102
   macro avg     0.5607    0.6003    0.5689       102
weighted avg     0.6707    0.7157    0.6795       102

Training time : 13.119027853012085 seconds
