prediction for cna data: 
              precision    recall  f1-score   support

           0     0.6000    0.6000    0.6000         5
           1     0.9375    0.9375    0.9375        32

    accuracy                         0.8919        37
   macro avg     0.7688    0.7688    0.7688        37
weighted avg     0.8919    0.8919    0.8919        37

prediction for met data: 
              precision    recall  f1-score   support

           0     0.8333    1.0000    0.9091         5
           1     1.0000    0.9688    0.9841        32

    accuracy                         0.9730        37
   macro avg     0.9167    0.9844    0.9466        37
weighted avg     0.9775    0.9730    0.9740        37

prediction for mrna data: 
              precision    recall  f1-score   support

           0     1.0000    0.6000    0.7500         5
           1     0.9412    1.0000    0.9697        32

    accuracy                         0.9459        37
   macro avg     0.9706    0.8000    0.8598        37
weighted avg     0.9491    0.9459    0.9400        37

prediction for rppa data: 
              precision    recall  f1-score   support

           0     0.3333    0.6000    0.4286         5
           1     0.9286    0.8125    0.8667        32

    accuracy                         0.7838        37
   macro avg     0.6310    0.7063    0.6476        37
weighted avg     0.8481    0.7838    0.8075        37

prediction for all the omics data: 
              precision    recall  f1-score   support

           0     1.0000    0.8000    0.8889         5
           1     0.9697    1.0000    0.9846        32

    accuracy                         0.9730        37
   macro avg     0.9848    0.9000    0.9368        37
weighted avg     0.9738    0.9730    0.9717        37

Training time : 3.6851000785827637 seconds
