prediction for cna data: 
              precision    recall  f1-score   support

           0     0.8810    0.8222    0.8506        45
           1     0.5000    0.5000    0.5000         6
           2     0.2632    0.5000    0.3448        10
           3     0.5455    0.3750    0.4444        16
           4     0.0000    0.0000    0.0000         1

    accuracy                         0.6538        78
   macro avg     0.4379    0.4394    0.4280        78
weighted avg     0.6923    0.6538    0.6646        78

prediction for met data: 
              precision    recall  f1-score   support

           0     0.7377    1.0000    0.8491        45
           1     1.0000    0.8333    0.9091         6
           2     0.0000    0.0000    0.0000        10
           3     0.8333    0.6250    0.7143        16
           4     0.0000    0.0000    0.0000         1

    accuracy                         0.7692        78
   macro avg     0.5142    0.4917    0.4945        78
weighted avg     0.6735    0.7692    0.7063        78

prediction for mrna data: 
              precision    recall  f1-score   support

           0     0.8261    0.8444    0.8352        45
           1     0.8333    0.8333    0.8333         6
           2     0.3750    0.3000    0.3333        10
           3     0.7778    0.8750    0.8235        16
           4     0.0000    0.0000    0.0000         1

    accuracy                         0.7692        78
   macro avg     0.5624    0.5706    0.5651        78
weighted avg     0.7483    0.7692    0.7576        78

prediction for rppa data: 
              precision    recall  f1-score   support

           0     0.7500    0.7333    0.7416        45
           1     0.6667    0.6667    0.6667         6
           2     0.3333    0.3000    0.3158        10
           3     0.5789    0.6875    0.6286        16
           4     0.0000    0.0000    0.0000         1

    accuracy                         0.6538        78
   macro avg     0.4658    0.4775    0.4705        78
weighted avg     0.6455    0.6538    0.6485        78

prediction for all the omics data: 
              precision    recall  f1-score   support

           0     0.9286    0.8667    0.8966        45
           1     0.8333    0.8333    0.8333         6
           2     0.5385    0.7000    0.6087        10
           3     0.8235    0.8750    0.8485        16
           4     0.0000    0.0000    0.0000         1

    accuracy                         0.8333        78
   macro avg     0.6248    0.6550    0.6374        78
weighted avg     0.8378    0.8333    0.8334        78

Training time : 10.02614712715149 seconds
