prediction for cna data: 
              precision    recall  f1-score   support

           0     0.8571    0.6857    0.7619        35
           1     0.5556    0.2778    0.3704        18
           2     0.6304    0.9158    0.7468        95
           3     0.4545    0.2381    0.3125        42
           4     0.0000    0.0000    0.0000         7

    accuracy                         0.6396       197
   macro avg     0.4995    0.4235    0.4383       197
weighted avg     0.6040    0.6396    0.5960       197

prediction for met data: 
              precision    recall  f1-score   support

           0     0.4321    1.0000    0.6034        35
           1     0.0000    0.0000    0.0000        18
           2     0.7174    0.6947    0.7059        95
           3     0.5417    0.3095    0.3939        42
           4     0.0000    0.0000    0.0000         7

    accuracy                         0.5787       197
   macro avg     0.3382    0.4009    0.3407       197
weighted avg     0.5382    0.5787    0.5316       197

prediction for mrna data: 
              precision    recall  f1-score   support

           0     0.8974    1.0000    0.9459        35
           1     0.9333    0.7778    0.8485        18
           2     0.9756    0.8421    0.9040        95
           3     0.6964    0.9286    0.7959        42
           4     0.8000    0.5714    0.6667         7

    accuracy                         0.8731       197
   macro avg     0.8606    0.8240    0.8322       197
weighted avg     0.8921    0.8731    0.8749       197

prediction for rppa data: 
              precision    recall  f1-score   support

           0     0.8214    0.6571    0.7302        35
           1     1.0000    0.4444    0.6154        18
           2     0.6667    0.9474    0.7826        95
           3     0.7692    0.4762    0.5882        42
           4     0.0000    0.0000    0.0000         7

    accuracy                         0.7157       197
   macro avg     0.6515    0.5050    0.5433       197
weighted avg     0.7228    0.7157    0.6888       197

prediction for all the omics data: 
              precision    recall  f1-score   support

           0     0.9394    0.8857    0.9118        35
           1     0.7778    0.3889    0.5185        18
           2     0.6169    1.0000    0.7631        95
           3     0.0000    0.0000    0.0000        42
           4     0.0000    0.0000    0.0000         7

    accuracy                         0.6751       197
   macro avg     0.4668    0.4549    0.4387       197
weighted avg     0.5354    0.6751    0.5773       197

selected omics are : ['cna', 'mrna']
prediction for selected omics data: 
              precision    recall  f1-score   support

           0     1.0000    0.6286    0.7719        35
           1     1.0000    0.2222    0.3636        18
           2     0.5556    1.0000    0.7143        95
           3     0.0000    0.0000    0.0000        42
           4     0.0000    0.0000    0.0000         7

    accuracy                         0.6142       197
   macro avg     0.5111    0.3702    0.3700       197
weighted avg     0.5369    0.6142    0.5148       197

Training time : 78.3960976600647 seconds
