prediction for cna data: 
              precision    recall  f1-score   support

           0     0.9130    0.6562    0.7636        32
           1     0.7778    0.2333    0.3590        30
           2     0.3710    0.7931    0.5055        29
           3     0.0000    0.0000    0.0000        11

    accuracy                         0.5000       102
   macro avg     0.5154    0.4207    0.4070       102
weighted avg     0.6207    0.5000    0.4889       102

prediction for met data: 
              precision    recall  f1-score   support

           0     0.0000    0.0000    0.0000        32
           1     0.2941    1.0000    0.4545        30
           2     0.0000    0.0000    0.0000        29
           3     0.0000    0.0000    0.0000        11

    accuracy                         0.2941       102
   macro avg     0.0735    0.2500    0.1136       102
weighted avg     0.0865    0.2941    0.1337       102

prediction for mrna data: 
              precision    recall  f1-score   support

           0     0.8857    0.9688    0.9254        32
           1     0.8182    0.9000    0.8571        30
           2     0.8333    0.6897    0.7547        29
           3     0.7000    0.6364    0.6667        11

    accuracy                         0.8333       102
   macro avg     0.8093    0.7987    0.8010       102
weighted avg     0.8309    0.8333    0.8289       102

prediction for rppa data: 
              precision    recall  f1-score   support

           0     0.7143    0.9375    0.8108        32
           1     0.8333    0.5000    0.6250        30
           2     0.4762    0.6897    0.5634        29
           3     0.0000    0.0000    0.0000        11

    accuracy                         0.6373       102
   macro avg     0.5060    0.5318    0.4998       102
weighted avg     0.6046    0.6373    0.5984       102

prediction for all the omics data: 
              precision    recall  f1-score   support

           0     0.9286    0.8125    0.8667        32
           1     1.0000    0.3667    0.5366        30
           2     0.4444    0.9655    0.6087        29
           3     0.0000    0.0000    0.0000        11

    accuracy                         0.6373       102
   macro avg     0.5933    0.5362    0.5030       102
weighted avg     0.7118    0.6373    0.6028       102

selected omics are : ['mrna', 'rppa']
prediction for selected omics data: 
              precision    recall  f1-score   support

           0     0.9259    0.7812    0.8475        32
           1     0.9000    0.3000    0.4500        30
           2     0.4308    0.9655    0.5957        29
           3     0.0000    0.0000    0.0000        11

    accuracy                         0.6078       102
   macro avg     0.5642    0.5117    0.4733       102
weighted avg     0.6777    0.6078    0.5676       102

Training time : 22.978112936019897 seconds
