prediction for cna data: 
              precision    recall  f1-score   support

           0     0.6000    0.8182    0.6923        11
           1     1.0000    0.5000    0.6667        16
           2     0.6400    0.8421    0.7273        19
           3     0.0000    0.0000    0.0000         3

    accuracy                         0.6735        49
   macro avg     0.5600    0.5401    0.5216        49
weighted avg     0.7094    0.6735    0.6551        49

prediction for met data: 
              precision    recall  f1-score   support

           0     0.7273    0.7273    0.7273        11
           1     0.8667    0.8125    0.8387        16
           2     0.8421    0.8421    0.8421        19
           3     0.5000    0.6667    0.5714         3

    accuracy                         0.7959        49
   macro avg     0.7340    0.7621    0.7449        49
weighted avg     0.8034    0.7959    0.7986        49

prediction for mrna data: 
              precision    recall  f1-score   support

           0     0.8889    0.7273    0.8000        11
           1     0.9231    0.7500    0.8276        16
           2     0.7917    1.0000    0.8837        19
           3     0.6667    0.6667    0.6667         3

    accuracy                         0.8367        49
   macro avg     0.8176    0.7860    0.7945        49
weighted avg     0.8487    0.8367    0.8333        49

prediction for rppa data: 
              precision    recall  f1-score   support

           0     0.3750    0.2727    0.3158        11
           1     0.9167    0.6875    0.7857        16
           2     0.6000    0.7895    0.6818        19
           3     0.2500    0.3333    0.2857         3

    accuracy                         0.6122        49
   macro avg     0.5354    0.5208    0.5173        49
weighted avg     0.6315    0.6122    0.6093        49

prediction for all the omics data: 
              precision    recall  f1-score   support

           0     0.5556    0.9091    0.6897        11
           1     1.0000    0.6875    0.8148        16
           2     0.9000    0.9474    0.9231        19
           3     0.0000    0.0000    0.0000         3

    accuracy                         0.7959        49
   macro avg     0.6139    0.6360    0.6069        49
weighted avg     0.8002    0.7959    0.7788        49

Training time : 6.204626798629761 seconds
