prediction for cna data: 
              precision    recall  f1-score   support

           0     1.0000    0.5000    0.6667         4
           1     0.9592    1.0000    0.9792        47

    accuracy                         0.9608        51
   macro avg     0.9796    0.7500    0.8229        51
weighted avg     0.9624    0.9608    0.9547        51

prediction for met data: 
              precision    recall  f1-score   support

           0     1.0000    1.0000    1.0000         4
           1     1.0000    1.0000    1.0000        47

    accuracy                         1.0000        51
   macro avg     1.0000    1.0000    1.0000        51
weighted avg     1.0000    1.0000    1.0000        51

prediction for mrna data: 
              precision    recall  f1-score   support

           0     1.0000    0.2500    0.4000         4
           1     0.9400    1.0000    0.9691        47

    accuracy                         0.9412        51
   macro avg     0.9700    0.6250    0.6845        51
weighted avg     0.9447    0.9412    0.9244        51

prediction for rppa data: 
              precision    recall  f1-score   support

           0     0.3333    0.5000    0.4000         4
           1     0.9556    0.9149    0.9348        47

    accuracy                         0.8824        51
   macro avg     0.6444    0.7074    0.6674        51
weighted avg     0.9068    0.8824    0.8928        51

prediction for all the omics data: 
              precision    recall  f1-score   support

           0     0.8000    1.0000    0.8889         4
           1     1.0000    0.9787    0.9892        47

    accuracy                         0.9804        51
   macro avg     0.9000    0.9894    0.9391        51
weighted avg     0.9843    0.9804    0.9814        51

Training time : 5.770163059234619 seconds
