prediction for cna data: 
              precision    recall  f1-score   support

           0     0.4000    0.8000    0.5333         5
           1     0.9630    0.8125    0.8814        32

    accuracy                         0.8108        37
   macro avg     0.6815    0.8063    0.7073        37
weighted avg     0.8869    0.8108    0.8343        37

prediction for met data: 
              precision    recall  f1-score   support

           0     1.0000    0.6000    0.7500         5
           1     0.9412    1.0000    0.9697        32

    accuracy                         0.9459        37
   macro avg     0.9706    0.8000    0.8598        37
weighted avg     0.9491    0.9459    0.9400        37

prediction for mrna data: 
              precision    recall  f1-score   support

           0     0.5556    1.0000    0.7143         5
           1     1.0000    0.8750    0.9333        32

    accuracy                         0.8919        37
   macro avg     0.7778    0.9375    0.8238        37
weighted avg     0.9399    0.8919    0.9037        37

prediction for rppa data: 
              precision    recall  f1-score   support

           0     0.0000    0.0000    0.0000         5
           1     0.8649    1.0000    0.9275        32

    accuracy                         0.8649        37
   macro avg     0.4324    0.5000    0.4638        37
weighted avg     0.7480    0.8649    0.8022        37

prediction for all the omics data: 
              precision    recall  f1-score   support

           0     0.0000    0.0000    0.0000         5
           1     0.8649    1.0000    0.9275        32

    accuracy                         0.8649        37
   macro avg     0.4324    0.5000    0.4638        37
weighted avg     0.7480    0.8649    0.8022        37

Training time : 8.70058298110962 seconds
