prediction for cna data: 
              precision    recall  f1-score   support

           0     0.8235    0.9333    0.8750        45
           1     0.5000    0.3333    0.4000         6
           2     0.2941    0.5000    0.3704        10
           3     0.5000    0.1875    0.2727        16
           4     0.0000    0.0000    0.0000         1

    accuracy                         0.6667        78
   macro avg     0.4235    0.3908    0.3836        78
weighted avg     0.6538    0.6667    0.6390        78

prediction for met data: 
              precision    recall  f1-score   support

           0     0.9070    0.8667    0.8864        45
           1     1.0000    0.6667    0.8000         6
           2     0.5000    0.6000    0.5455        10
           3     0.7368    0.8750    0.8000        16
           4     0.0000    0.0000    0.0000         1

    accuracy                         0.8077        78
   macro avg     0.6288    0.6017    0.6064        78
weighted avg     0.8154    0.8077    0.8069        78

prediction for mrna data: 
              precision    recall  f1-score   support

           0     0.8140    0.7778    0.7955        45
           1     0.8333    0.8333    0.8333         6
           2     0.2222    0.2000    0.2105        10
           3     0.6500    0.8125    0.7222        16
           4     0.0000    0.0000    0.0000         1

    accuracy                         0.7051        78
   macro avg     0.5039    0.5247    0.5123        78
weighted avg     0.6955    0.7051    0.6982        78

prediction for rppa data: 
              precision    recall  f1-score   support

           0     0.6286    0.9778    0.7652        45
           1     1.0000    0.3333    0.5000         6
           2     1.0000    0.1000    0.1818        10
           3     0.4000    0.1250    0.1905        16
           4     0.0000    0.0000    0.0000         1

    accuracy                         0.6282        78
   macro avg     0.6057    0.3072    0.3275        78
weighted avg     0.6498    0.6282    0.5423        78

prediction for all the omics data: 
              precision    recall  f1-score   support

           0     0.8039    0.9111    0.8542        45
           1     0.8571    1.0000    0.9231         6
           2     0.5000    0.3000    0.3750        10
           3     0.7857    0.6875    0.7333        16
           4     0.0000    0.0000    0.0000         1

    accuracy                         0.7821        78
   macro avg     0.5894    0.5797    0.5771        78
weighted avg     0.7550    0.7821    0.7623        78

selected omics are : ['cna', 'met', 'mrna']
prediction for selected omics data: 
              precision    recall  f1-score   support

           0     0.7736    0.9111    0.8367        45
           1     0.6667    0.3333    0.4444         6
           2     0.4286    0.3000    0.3529        10
           3     0.7333    0.6875    0.7097        16
           4     0.0000    0.0000    0.0000         1

    accuracy                         0.7308        78
   macro avg     0.5204    0.4464    0.4688        78
weighted avg     0.7030    0.7308    0.7077        78

Training time : 19.07436490058899 seconds
