prediction for cna data: 
              precision    recall  f1-score   support

           0     0.6591    0.6591    0.6591        44
           1     0.3333    0.4545    0.3846        11
           2     0.5882    0.8333    0.6897        12
           3     0.0000    0.0000    0.0000         1
           4     0.4000    0.3158    0.3529        19
           5     0.0000    0.0000    0.0000         2
           6     0.0000    0.0000    0.0000         1
           7     0.0000    0.0000    0.0000         1

    accuracy                         0.5495        91
   macro avg     0.2476    0.2828    0.2608        91
weighted avg     0.5201    0.5495    0.5298        91

prediction for met data: 
              precision    recall  f1-score   support

           0     0.7442    0.7273    0.7356        44
           1     0.6429    0.8182    0.7200        11
           2     0.6111    0.9167    0.7333        12
           3     0.0000    0.0000    0.0000         1
           4     0.6250    0.5263    0.5714        19
           5     0.0000    0.0000    0.0000         2
           6     0.0000    0.0000    0.0000         1
           7     0.0000    0.0000    0.0000         1

    accuracy                         0.6813        91
   macro avg     0.3279    0.3736    0.3450        91
weighted avg     0.6486    0.6813    0.6587        91

prediction for mrna data: 
              precision    recall  f1-score   support

           0     0.6735    0.7500    0.7097        44
           1     0.5263    0.9091    0.6667        11
           2     0.7500    0.7500    0.7500        12
           3     0.0000    0.0000    0.0000         1
           4     0.3636    0.2105    0.2667        19
           5     0.0000    0.0000    0.0000         2
           6     0.0000    0.0000    0.0000         1
           7     0.0000    0.0000    0.0000         1

    accuracy                         0.6154        91
   macro avg     0.2892    0.3275    0.2991        91
weighted avg     0.5641    0.6154    0.5783        91

prediction for rppa data: 
              precision    recall  f1-score   support

           0     0.6250    0.5682    0.5952        44
           1     0.3636    0.3636    0.3636        11
           2     0.5000    0.7500    0.6000        12
           3     0.0000    0.0000    0.0000         1
           4     0.3182    0.3684    0.3415        19
           5     0.0000    0.0000    0.0000         2
           6     0.0000    0.0000    0.0000         1
           7     0.0000    0.0000    0.0000         1

    accuracy                         0.4945        91
   macro avg     0.2259    0.2563    0.2375        91
weighted avg     0.4785    0.4945    0.4822        91

prediction for all the omics data: 
              precision    recall  f1-score   support

           0     0.7500    0.7500    0.7500        44
           1     0.4737    0.8182    0.6000        11
           2     0.9000    0.7500    0.8182        12
           3     0.0000    0.0000    0.0000         1
           4     0.6250    0.5263    0.5714        19
           5     0.0000    0.0000    0.0000         2
           6     0.0000    0.0000    0.0000         1
           7     0.0000    0.0000    0.0000         1

    accuracy                         0.6703        91
   macro avg     0.3436    0.3556    0.3425        91
weighted avg     0.6691    0.6703    0.6624        91

Training time : 10.63097095489502 seconds
