prediction for cna data: 
              precision    recall  f1-score   support

           0     0.0000    0.0000    0.0000         4
           1     0.9216    1.0000    0.9592        47

    accuracy                         0.9216        51
   macro avg     0.4608    0.5000    0.4796        51
weighted avg     0.8493    0.9216    0.8840        51

prediction for met data: 
              precision    recall  f1-score   support

           0     0.0000    0.0000    0.0000         4
           1     0.9216    1.0000    0.9592        47

    accuracy                         0.9216        51
   macro avg     0.4608    0.5000    0.4796        51
weighted avg     0.8493    0.9216    0.8840        51

prediction for mrna data: 
              precision    recall  f1-score   support

           0     0.6667    0.5000    0.5714         4
           1     0.9583    0.9787    0.9684        47

    accuracy                         0.9412        51
   macro avg     0.8125    0.7394    0.7699        51
weighted avg     0.9355    0.9412    0.9373        51

prediction for rppa data: 
              precision    recall  f1-score   support

           0     0.0000    0.0000    0.0000         4
           1     0.9216    1.0000    0.9592        47

    accuracy                         0.9216        51
   macro avg     0.4608    0.5000    0.4796        51
weighted avg     0.8493    0.9216    0.8840        51

prediction for all the omics data: 
              precision    recall  f1-score   support

           0     1.0000    0.2500    0.4000         4
           1     0.9400    1.0000    0.9691        47

    accuracy                         0.9412        51
   macro avg     0.9700    0.6250    0.6845        51
weighted avg     0.9447    0.9412    0.9244        51

Training time : 8.075069904327393 seconds
