prediction for cna data: 
              precision    recall  f1-score   support

           0     0.6591    0.6591    0.6591        44
           1     0.3333    0.4545    0.3846        11
           2     0.5882    0.8333    0.6897        12
           3     0.0000    0.0000    0.0000         1
           4     0.4000    0.3158    0.3529        19
           5     0.0000    0.0000    0.0000         2
           6     0.0000    0.0000    0.0000         1
           7     0.0000    0.0000    0.0000         1

    accuracy                         0.5495        91
   macro avg     0.2476    0.2828    0.2608        91
weighted avg     0.5201    0.5495    0.5298        91

prediction for met data: 
              precision    recall  f1-score   support

           0     0.7442    0.7273    0.7356        44
           1     0.6429    0.8182    0.7200        11
           2     0.6111    0.9167    0.7333        12
           3     0.0000    0.0000    0.0000         1
           4     0.6250    0.5263    0.5714        19
           5     0.0000    0.0000    0.0000         2
           6     0.0000    0.0000    0.0000         1
           7     0.0000    0.0000    0.0000         1

    accuracy                         0.6813        91
   macro avg     0.3279    0.3736    0.3450        91
weighted avg     0.6486    0.6813    0.6587        91

prediction for mrna data: 
              precision    recall  f1-score   support

           0     0.6735    0.7500    0.7097        44
           1     0.5263    0.9091    0.6667        11
           2     0.7500    0.7500    0.7500        12
           3     0.0000    0.0000    0.0000         1
           4     0.3636    0.2105    0.2667        19
           5     0.0000    0.0000    0.0000         2
           6     0.0000    0.0000    0.0000         1
           7     0.0000    0.0000    0.0000         1

    accuracy                         0.6154        91
   macro avg     0.2892    0.3275    0.2991        91
weighted avg     0.5641    0.6154    0.5783        91

prediction for rppa data: 
              precision    recall  f1-score   support

           0     0.6250    0.5682    0.5952        44
           1     0.3636    0.3636    0.3636        11
           2     0.5000    0.7500    0.6000        12
           3     0.0000    0.0000    0.0000         1
           4     0.3182    0.3684    0.3415        19
           5     0.0000    0.0000    0.0000         2
           6     0.0000    0.0000    0.0000         1
           7     0.0000    0.0000    0.0000         1

    accuracy                         0.4945        91
   macro avg     0.2259    0.2563    0.2375        91
weighted avg     0.4785    0.4945    0.4822        91

prediction for all the omics data: 
              precision    recall  f1-score   support

           0     0.6508    0.9318    0.7664        44
           1     0.7692    0.9091    0.8333        11
           2     0.8000    1.0000    0.8889        12
           3     0.0000    0.0000    0.0000         1
           4     0.0000    0.0000    0.0000        19
           5     0.0000    0.0000    0.0000         2
           6     0.0000    0.0000    0.0000         1
           7     0.0000    0.0000    0.0000         1

    accuracy                         0.6923        91
   macro avg     0.2775    0.3551    0.3111        91
weighted avg     0.5131    0.6923    0.5885        91

Training time : 11.381118774414062 seconds
