prediction for cna data: 
              precision    recall  f1-score   support

           0     0.5467    0.9318    0.6891        44
           1     0.4444    0.3636    0.4000        11
           2     0.5714    0.3333    0.4211        12
           3     0.0000    0.0000    0.0000         1
           4     0.0000    0.0000    0.0000        19
           5     0.0000    0.0000    0.0000         2
           6     0.0000    0.0000    0.0000         1
           7     0.0000    0.0000    0.0000         1

    accuracy                         0.5385        91
   macro avg     0.1953    0.2036    0.1888        91
weighted avg     0.3934    0.5385    0.4371        91

prediction for met data: 
              precision    recall  f1-score   support

           0     0.0000    0.0000    0.0000        44
           1     0.1279    1.0000    0.2268        11
           2     0.0000    0.0000    0.0000        12
           3     0.0000    0.0000    0.0000         1
           4     0.8000    0.2105    0.3333        19
           5     0.0000    0.0000    0.0000         2
           6     0.0000    0.0000    0.0000         1
           7     0.0000    0.0000    0.0000         1

    accuracy                         0.1648        91
   macro avg     0.1160    0.1513    0.0700        91
weighted avg     0.1825    0.1648    0.0970        91

prediction for mrna data: 
              precision    recall  f1-score   support

           0     0.6279    0.6136    0.6207        44
           1     0.5333    0.7273    0.6154        11
           2     0.7692    0.8333    0.8000        12
           3     0.0000    0.0000    0.0000         1
           4     0.3500    0.3684    0.3590        19
           5     0.0000    0.0000    0.0000         2
           6     0.0000    0.0000    0.0000         1
           7     0.0000    0.0000    0.0000         1

    accuracy                         0.5714        91
   macro avg     0.2851    0.3178    0.2994        91
weighted avg     0.5426    0.5714    0.5549        91

prediction for rppa data: 
              precision    recall  f1-score   support

           0     0.4835    1.0000    0.6519        44
           1     0.0000    0.0000    0.0000        11
           2     0.0000    0.0000    0.0000        12
           3     0.0000    0.0000    0.0000         1
           4     0.0000    0.0000    0.0000        19
           5     0.0000    0.0000    0.0000         2
           6     0.0000    0.0000    0.0000         1
           7     0.0000    0.0000    0.0000         1

    accuracy                         0.4835        91
   macro avg     0.0604    0.1250    0.0815        91
weighted avg     0.2338    0.4835    0.3152        91

prediction for all the omics data: 
              precision    recall  f1-score   support

           0     0.6800    0.7727    0.7234        44
           1     0.7692    0.9091    0.8333        11
           2     0.8333    0.8333    0.8333        12
           3     0.0000    0.0000    0.0000         1
           4     0.4375    0.3684    0.4000        19
           5     0.0000    0.0000    0.0000         2
           6     0.0000    0.0000    0.0000         1
           7     0.0000    0.0000    0.0000         1

    accuracy                         0.6703        91
   macro avg     0.3400    0.3604    0.3488        91
weighted avg     0.6230    0.6703    0.6439        91

selected omics are : ['cna', 'mrna']
prediction for selected omics data: 
              precision    recall  f1-score   support

           0     0.6000    0.9545    0.7368        44
           1     1.0000    0.3636    0.5333        11
           2     0.7143    0.8333    0.7692        12
           3     0.0000    0.0000    0.0000         1
           4     0.3333    0.0526    0.0909        19
           5     0.0000    0.0000    0.0000         2
           6     0.0000    0.0000    0.0000         1
           7     0.0000    0.0000    0.0000         1

    accuracy                         0.6264        91
   macro avg     0.3310    0.2755    0.2663        91
weighted avg     0.5748    0.6264    0.5412        91

Training time : 21.503602743148804 seconds
