prediction for cna data: 
              precision    recall  f1-score   support

           0     0.9310    0.8438    0.8852        32
           1     0.6471    0.3667    0.4681        30
           2     0.4727    0.8966    0.6190        29
           3     0.0000    0.0000    0.0000        11

    accuracy                         0.6275       102
   macro avg     0.5127    0.5267    0.4931       102
weighted avg     0.6168    0.6275    0.5914       102

prediction for met data: 
              precision    recall  f1-score   support

           0     0.8286    0.9062    0.8657        32
           1     0.8636    0.6333    0.7308        30
           2     0.6154    0.8276    0.7059        29
           3     0.3333    0.1818    0.2353        11

    accuracy                         0.7255       102
   macro avg     0.6602    0.6372    0.6344       102
weighted avg     0.7249    0.7255    0.7126       102

prediction for mrna data: 
              precision    recall  f1-score   support

           0     0.9394    0.9688    0.9538        32
           1     0.9259    0.8333    0.8772        30
           2     0.8438    0.9310    0.8852        29
           3     0.8000    0.7273    0.7619        11

    accuracy                         0.8922       102
   macro avg     0.8773    0.8651    0.8695       102
weighted avg     0.8932    0.8922    0.8911       102

prediction for rppa data: 
              precision    recall  f1-score   support

           0     0.8235    0.8750    0.8485        32
           1     0.6364    0.7000    0.6667        30
           2     0.6538    0.5862    0.6182        29
           3     0.4444    0.3636    0.4000        11

    accuracy                         0.6863       102
   macro avg     0.6395    0.6312    0.6333       102
weighted avg     0.6794    0.6863    0.6812       102

prediction for all the omics data: 
              precision    recall  f1-score   support

           0     0.9310    0.8438    0.8852        32
           1     0.8571    0.8000    0.8276        30
           2     0.7105    0.9310    0.8060        29
           3     0.7143    0.4545    0.5556        11

    accuracy                         0.8137       102
   macro avg     0.8032    0.7573    0.7686       102
weighted avg     0.8232    0.8137    0.8102       102

selected omics are : ['mrna', 'rppa']
prediction for selected omics data: 
              precision    recall  f1-score   support

           0     0.9118    0.9688    0.9394        32
           1     0.8333    0.8333    0.8333        30
           2     0.8462    0.7586    0.8000        29
           3     0.6667    0.7273    0.6957        11

    accuracy                         0.8431       102
   macro avg     0.8145    0.8220    0.8171       102
weighted avg     0.8436    0.8431    0.8423       102

Training time : 13.769013166427612 seconds
