prediction for cna data: 
              precision    recall  f1-score   support

           0     0.9730    0.9730    0.9730        37
           1     0.9778    0.8627    0.9167        51
           2     0.7500    1.0000    0.8571        18

    accuracy                         0.9245       106
   macro avg     0.9003    0.9452    0.9156       106
weighted avg     0.9374    0.9245    0.9262       106

prediction for met data: 
              precision    recall  f1-score   support

           0     0.9487    1.0000    0.9737        37
           1     1.0000    0.9412    0.9697        51
           2     0.9474    1.0000    0.9730        18

    accuracy                         0.9717       106
   macro avg     0.9654    0.9804    0.9721       106
weighted avg     0.9732    0.9717    0.9716       106

prediction for mrna data: 
              precision    recall  f1-score   support

           0     0.9487    1.0000    0.9737        37
           1     1.0000    0.9216    0.9592        51
           2     0.9000    1.0000    0.9474        18

    accuracy                         0.9623       106
   macro avg     0.9496    0.9739    0.9601       106
weighted avg     0.9651    0.9623    0.9622       106

prediction for rppa data: 
              precision    recall  f1-score   support

           0     0.8889    0.8649    0.8767        37
           1     0.6866    0.9020    0.7797        51
           2     0.3333    0.0556    0.0952        18

    accuracy                         0.7453       106
   macro avg     0.6363    0.6075    0.5839       106
weighted avg     0.6972    0.7453    0.6973       106

prediction for all the omics data: 
              precision    recall  f1-score   support

           0     1.0000    0.9189    0.9577        37
           1     0.9444    1.0000    0.9714        51
           2     1.0000    1.0000    1.0000        18

    accuracy                         0.9717       106
   macro avg     0.9815    0.9730    0.9764       106
weighted avg     0.9733    0.9717    0.9715       106

Training time : 25.560984134674072 seconds
